<?xml version="1.0" encoding="UTF-8"?>
<testng-results ignored="0" total="1" passed="1" failed="0" skipped="0">
  <reporter-output>
  </reporter-output>
  <suite started-at="2021-12-07T13:58:23 IST" name="Default suite" finished-at="2021-12-07T13:58:23 IST" duration-ms="81">
    <groups>
    </groups>
    <test started-at="2021-12-07T13:58:23 IST" name="Default test" finished-at="2021-12-07T13:58:23 IST" duration-ms="81">
      <class name="NewTest">
        <test-method is-config="true" signature="beforeClass()[pri:0, instance:NewTest@d29f28]" started-at="2021-12-07T13:58:23 IST" name="beforeClass" finished-at="2021-12-07T13:58:23 IST" duration-ms="11" status="PASS">
          <reporter-output>
          </reporter-output>
        </test-method> <!-- beforeClass -->
        <test-method signature="f()[pri:0, instance:NewTest@d29f28]" started-at="2021-12-07T13:58:23 IST" name="f" finished-at="2021-12-07T13:58:23 IST" duration-ms="9" status="PASS">
          <reporter-output>
          </reporter-output>
        </test-method> <!-- f -->
        <test-method is-config="true" signature="afterMethod()[pri:0, instance:NewTest@d29f28]" started-at="2021-12-07T13:58:23 IST" name="afterMethod" finished-at="2021-12-07T13:58:23 IST" duration-ms="0" status="PASS">
          <reporter-output>
          </reporter-output>
        </test-method> <!-- afterMethod -->
        <test-method is-config="true" signature="afterClass()[pri:0, instance:NewTest@d29f28]" started-at="2021-12-07T13:58:23 IST" name="afterClass" finished-at="2021-12-07T13:58:23 IST" duration-ms="0" status="PASS">
          <reporter-output>
          </reporter-output>
        </test-method> <!-- afterClass -->
      </class> <!-- NewTest -->
    </test> <!-- Default test -->
  </suite> <!-- Default suite -->
</testng-results>
